正在处理文件: ./uploads/input.srt
输出文件路径: ./uploads/output.srt

第一步: 合并和优化英文字幕段...
英文字幕段优化完成，共生成 143 个合并段。

第二步: 提取文本进行翻译...
共 143 个字幕段需要翻译。
开始使用 SiliconFlow API 翻译 (逐段独立请求处理)...

配置 SiliconFlow API，使用模型: tencent/Hunyuan-MT-7B
使用的 API 端点: https://api.siliconflow.cn/v1/chat/completions
预计翻译 143 段字幕。
正在翻译段落 1/143: 原文 (前50字): 'I could probably beat a female Counter Strike Pro ...'
  翻译成功。译文 (前50字): '我可能能打败一位《反恐精英》职业女选手，这是你们都知道的事实。'
正在翻译段落 2/143: 原文 (前50字): 'probably told yourself at some point well we're he...'
  翻译成功。译文 (前50字): '可能你在某个时候告诉过自己：“好吧，我们现在就来验证一下到底是不是这样吧。”'
正在翻译段落 3/143: 原文 (前50字): 'true so today I've invited for my friends and the ...'
  翻译成功。译文 (前50字): '确实如此，今天我邀请了我的朋友们以及整个女性娜美（Na'vi）游戏团队来。'
正在翻译段落 4/143: 原文 (前50字): 'in the men's lineup we have anomaly Furious Dema S...'
  翻译成功。译文 (前50字): '在男选手名单中，我们有Anomaly、Furious Dema、Sams以及那位“Godod”。'
正在翻译段落 5/143: 原文 (前50字): 'the female na'vi lineup we have Hanka Vu'
  翻译成功。译文 (前50字): '我们推出的女性纳美人（Na'vi）角色阵容中包括了汉卡·武（Hanka Vu）。'
正在翻译段落 6/143: 原文 (前50字): 'Lena Angelica and lety yippee but first a thank yo...'
  翻译成功。译文 (前50字): '莱娜·安杰丽卡和莱蒂，太棒了！不过首先，我们要感谢赞助商……'
正在翻译段落 7/143: 原文 (前50字): 'this video which is skins monkey skins monkey is o...'
  翻译成功。译文 (前50字): '这个视频（视频内容是关于“skins monkey skins monkey”）是非常棒的，而且很容...'
正在翻译段落 8/143: 原文 (前50字): 'use CS2 trading websites where you can change up y...'
  翻译成功。译文 (前50字): '使用CS2的交易网站，在这些网站上你可以将库存物品的颜色随意更改。'
正在翻译段落 9/143: 原文 (前50字): 'combination you like blue yellow pink color blind ...'
  翻译成功。译文 (前50字): '你可以选择你喜欢的颜色组合，蓝色、黄色、粉色……是否色盲都不重要。这里的“skins monkeys...'
正在翻译段落 10/143: 原文 (前50字): 'got them all and by clicking the link in the descr...'
  翻译成功。译文 (前50字): '我已经获取了所有内容，只需点击描述中的链接或使用“Code anomaly”即可。'
正在翻译段落 11/143: 原文 (前50字): 'you can get a deposit bonus of up to 35% and if it...'
  翻译成功。译文 (前50字): '你可以获得最高35%的押金奖金，如果这是你的第一笔交易，那你还可以……'
正在翻译段落 12/143: 原文 (前50字): 'also use code anomaly for up to $5 for free plus t...'
  翻译成功。译文 (前50字): '还可以使用“code anomaly”功能，在消费金额达到5美元之前可免费使用该功能；此外，他们还提...'
正在翻译段落 13/143: 原文 (前50字): 'freebies for free skins and balance and they've al...'
  翻译成功。译文 (前50字): '免费领取皮肤和游戏平衡性优化，而且他们还提供24/7的全天候在线客服支持。所以如果……'
正在翻译段落 14/143: 原文 (前50字): 'you want to try them out then please do so from th...'
  翻译成功。译文 (前50字): '如果你想试试它们，那么请通过描述中的链接去尝试吧。'
正在翻译段落 15/143: 原文 (前50字): 'thank you once again skins monkey for sponsoring t...'
  翻译成功。译文 (前50字): '再次感谢skins monkey赞助了这个视频，现在我们开始吧！'
正在翻译段落 16/143: 原文 (前50字): 'the pregame talk Fury you are arguably the best pl...'
  翻译成功。译文 (前50字): '赛前谈话：Fury，你可以说是这里最出色的玩家了，你有什么想法？'
正在翻译段落 17/143: 原文 (前50字): '[ __ ] you mean arguably how are you just'
  翻译成功。译文 (前50字): '[ __ ] 你的意思是……可以说，你到底怎么回事？'
正在翻译段落 18/143: 原文 (前50字): 'going to [ __ ] disrespect me like that Fury let m...'
  翻译成功。译文 (前50字): '“他们要去[ __ ]，那样侮辱我，Fury（游戏角色名），让我告诉你，你到底是怎么想的？”'
正在翻译段落 19/143: 原文 (前50字): 'run shut the [ __ ] up I'll show using charades wh...'
  翻译成功。译文 (前50字): '“快把[ __ ]关上！”我会用肢体语言来演示刚才发生了什么，“异常”系统这么说的。'
正在翻译段落 20/143: 原文 (前50字): 'anything Rod interrupt what the [ __ ] Fury do you...'
  翻译成功。译文 (前50字): '罗德，有什么情况吗？那个[__]狂怒（Fury）正在做什么？你觉得我们还有机会吗？还是有没有机会呢？'
正在翻译段落 21/143: 原文 (前50字): 'uh no there was some some thinking time though is ...'
  翻译成功。译文 (前50字): '呃，不，不过还是需要一些思考时间的。这是个好迹象，对吧？'
正在翻译段落 22/143: 原文 (前50字): 'should join uh their room and introduce ourselves ...'
  翻译成功。译文 (前50字): '我们应该去他们的房间，介绍自己，然后说希望他们一切顺利。'
正在翻译段落 23/143: 原文 (前50字): 'again Sams is shaking cuz he's never spoken to a w...'
  翻译成功。译文 (前50字): '又来了，Sams又开始紧张了，因为他从来没和女生说过话，所以我打算让他去试试。'
正在翻译段落 24/143: 原文 (前50字): 'first hello hi guys this is the na'vi female CS Pr...'
  翻译成功。译文 (前50字): '1. **核心目标**：将英文CS游戏字幕准确、自然地翻译成中文。
2. **简洁口语化**：译文应...'
正在翻译段落 25/143: 原文 (前50字): 'predictions for this game I think we're going to t...'
  翻译成功。译文 (前50字): '对于这场比赛，我认为我们会获胜。'
正在翻译段落 26/143: 原文 (前50字): 'our predictions are the same the first map is dust...'
  翻译成功。译文 (前50字): '我们的预测是一样的：第一张地图是“Dust 2”，第二张地图是“Mirage”。'
正在翻译段落 27/143: 原文 (前50字): 'third map is vertigo in case it goes to map three ...'
  翻译成功。译文 (前50字): '如果比赛进入第三张地图（我估计应该不会），那第三张地图是“Vertigo”。'
正在翻译段落 28/143: 原文 (前50字): 'yeah it's it's really good map oh [ __ ] do we do ...'
  翻译成功。译文 (前50字): '是啊，这地图真的很棒。哦，[ __ ]，我们来抛硬币决定谁先选T方（进攻方）还是CT方（防守方）吧。'
正在翻译段落 29/143: 原文 (前50字): 'na'vi team what do you choose toes toes toes toes ...'
  翻译成功。译文 (前50字): '纳美战队，你们选什么？脚趾、脚趾、脚趾……对，我想选“Tails”。'
正在翻译段落 30/143: 原文 (前50字): 'oh Tails okay Tails they choose heads we choose we...'
  翻译成功。译文 (前50字): '**核心目标**：将英文CS游戏字幕准确、自然地翻译成中文。  
**简洁口语化**：译文需符合中文...'
正在翻译段落 31/143: 原文 (前50字): 'need to we need to talk we need to talk we need to...'
  翻译成功。译文 (前50字): '我们需要谈谈，我们需要谈谈，我们需要谈谈。您好，先生，我正在打电话。'
正在翻译段落 32/143: 原文 (前50字): 'from magos you Jo bro we're getting sidetracked Sa...'
  翻译成功。译文 (前50字): '从马戈斯（Magos）开始，你们这些人（Jo bro），我们的讨论有点偏离主题了。是关于萨姆斯（Sa...'
正在翻译段落 33/143: 原文 (前50字): 'CT Fury T C what do you want T BR I'm the coach yo...'
  翻译成功。译文 (前50字): '1. **核心目标**：将英文CS游戏字幕准确、自然地翻译成中文。
2. **简洁口语化**：译文应...'
正在翻译段落 34/143: 原文 (前50字): 'careful consideration we have decided we are start...'
  翻译成功。译文 (前50字): '经过慎重考虑，我们决定开始反攻（CT方）。他们为什么要这么做呢？'
正在翻译段落 35/143: 原文 (前50字): 'laughing but can I switch team yeah it's 2024 you ...'
  翻译成功。译文 (前50字): '笑吧，但我能换个队伍吗？没错，现在已经是2024年了，你们完全可以这么做。好的，我们开始吧。'
正在翻译段落 36/143: 原文 (前50字): 'back to our room and whenever you're ready just st...'
  翻译成功。译文 (前50字): '回到我们的房间吧，等到你们准备好的时候就开始吧，好吗？祝你们玩得开心！'
正在翻译段落 37/143: 原文 (前50字): 'try to have fun as well we're going to win easy ea...'
  翻译成功。译文 (前50字): '我们也尽量放松享受游戏吧，对我们来说这比赛简直太容易赢了，哦 [ __ ] 嘿，伙计们'
正在翻译段落 38/143: 原文 (前50字): 'lock in Rush B no stop I'm middle I'm middle I'm m...'
  翻译成功。译文 (前50字): '锁定Rush B模式，不停地攻击！我现在就在中间位置，我会继续的。'
正在翻译段落 39/143: 原文 (前50字): 'smoke you have one God is rushing top middle there...'
  翻译成功。译文 (前50字): '他们太厉害了！上帝都在往中路和上单方向移动了，这不可能……等等，他们真的太强了！'
正在翻译段落 40/143: 原文 (前50字): 'they no smoke okay guys down come out come out com...'
  翻译成功。译文 (前50字): '1. **核心目标**：将英文CS游戏字幕准确、自然地翻译成中文。
2. **简洁口语化**：译文应...'
正在翻译段落 41/143: 原文 (前50字): 'though I'm carrying my weight which is a lot of th...'
  翻译成功。译文 (前50字): '虽然我一直在尽自己的最大努力（这已经很忙了），但他们还在继续追查这件事，真是非常麻烦。'
正在翻译段落 42/143: 原文 (前50字): 'game of Premier this is full of [Music] hackers we...'
  翻译成功。译文 (前50字): '这局《反恐精英：Premier》比赛里到处都是使用非法作弊程序（[Music] hackers）的玩...'
正在翻译段落 43/143: 原文 (前50字): 'broken what do we do goong goong armor 2 A2 I'm no...'
  翻译成功。译文 (前50字): '“坏了，我们该怎么办？‘轰轰’装甲2，A2型号……我根本不听那些MG1的相关内容。”'
正在翻译段落 44/143: 原文 (前50字): 'player long long long long long long no your aim i...'
  翻译成功。译文 (前50字): '**核心目标**：将英文CS游戏字幕准确、自然地翻译成中文。  
**简洁口语化**：译文应符合中文...'
正在翻译段落 45/143: 原文 (前50字): 'going to knife us there's two guys two guys there ...'
  翻译成功。译文 (前50字): '他们要用刀伤我们！那边还有两个人，还是两个人！'
正在翻译段落 46/143: 原文 (前50字): 'pushing no way s you're a disgrace how did the UK ...'
  翻译成功。译文 (前50字): '1. **核心目标**：将英文CS游戏字幕准确、自然地翻译成中文。
2. **简洁口语化**：译文应...'
正在翻译段落 47/143: 原文 (前50字): 'push me guys because uh the mid player I think pla...'
  翻译成功。译文 (前50字): '大家快推我一下啊！我觉得中路的那个玩家应该是没装显示器的，不过我不确定……'
正在翻译段落 48/143: 原文 (前50字): 'sure L they're going up is my Ig I'm so bad oh yes...'
  翻译成功。译文 (前50字): '1. **核心目标**：将英文CS游戏字幕准确、自然地翻译成中文。
2. **简洁口语化**：译文应...'
正在翻译段落 49/143: 原文 (前50字): 'we're going to go first round they be sh they can ...'
  翻译成功。译文 (前50字): '我们要先进行第一轮比赛。他们可能会处于……的位置，也可以选择中间的位置或者最上面的位置。'
正在翻译段落 50/143: 原文 (前50字): 'middle okay Raj B BR guys need to CM down bro what...'
  翻译成功。译文 (前50字): '**核心目标**：将英文CS游戏字幕准确、自然地翻译成中文。  
**简洁口语化**：译文应符合中文...'
正在翻译段落 51/143: 原文 (前50字): 'actually what uhoh back incoming bro please pause ...'
  翻译成功。译文 (前50字): '实际上，什么情况……哦，又有新信息传来了，兄弟！请暂停一下……'
正在翻译段落 52/143: 原文 (前50字): 'foot's here please show me McDonald's at least tha...'
  翻译成功。译文 (前50字): '“脚在这儿，请给我指一下麦当劳。至少那地方不是麦当劳……”'
正在翻译段落 53/143: 原文 (前50字): 'that's just a big man game is live bro Focus bro W...'
  翻译成功。译文 (前50字): '“那只是大人物之间的游戏而已，兄弟。集中注意力，别太紧张，其实没那么难。”'
正在翻译段落 54/143: 原文 (前50字): 'just think of this as Global Elite still the score...'
  翻译成功。译文 (前50字): '就把这看作是一场全球精英赛吧，比分牌上也显示着他们的名字……是的，他们现在在说“zzz”。'
正在翻译段落 55/143: 原文 (前50字): 'they're actually disrespecting you right now me ye...'
  翻译成功。译文 (前50字): '其实他们现在正在不尊重你，对吧？大家都这么说。'
正在翻译段落 56/143: 原文 (前50字): 'flash what are you oh my no no God you got them yo...'
  翻译成功。译文 (前50字): '闪！你到底在干什么啊？哦不，天哪！你抓住他们了！你太厉害了！'
正在翻译段落 57/143: 原文 (前50字): 'see you just need words of encouragement no bom C ...'
  翻译成功。译文 (前50字): '看到你了，你只需要一些鼓励的话语而已，不需要什么炸弹之类的东西。对他们来说真是太不幸了。'
正在翻译段落 58/143: 原文 (前50字): 'watch shorts watch short someone watch it's the la...'
  翻译成功。译文 (前50字): '看短视频吧，快看！这是最后一期了！'
正在翻译段落 59/143: 原文 (前50字): 'guy the bomb is in the Smoke get yes so God so God...'
  翻译成功。译文 (前50字): '兄弟，炸弹在“Smoke”区域！快回复我！哦，我的天啊！我爱你，Abibi！抓紧我的手！'
正在翻译段落 60/143: 原文 (前50字): 'hand one shot I'm dead what okay this is'
  翻译成功。译文 (前50字): '**核心目标**：将英文CS游戏字幕准确、自然地翻译成中文。
**简洁口语化**：译文应符合中文观众...'
正在翻译段落 61/143: 原文 (前50字): 'for the motherland there's two inside oh no let's ...'
  翻译成功。译文 (前50字): '为了祖国，我们的内心充满了力量！哦不，我们快出发吧，Rush B，我们快出发吧！'
正在翻译段落 62/143: 原文 (前50字): 'just do we try to S them back you can't lose this ...'
  翻译成功。译文 (前50字): '我们只要试着反击他们就好了，这一轮你肯定不会输的。加油，一、一！'
正在翻译段落 63/143: 原文 (前50字): 'more yes yes yes yes okay I will kill the guy mid ...'
  翻译成功。译文 (前50字): '**核心目标**：将英文CS游戏字幕准确、自然地翻译成中文。  
**简洁口语化**：译文应符合中文...'
正在翻译段落 64/143: 原文 (前50字): 'need to work on this man sorry I'm not used to Kit...'
  翻译成功。译文 (前50字): '**需要改进的地方**：这个翻译还有待提升，抱歉，我还不太习惯这种表达方式。不过没关系，我们能做到的...'
正在翻译段落 65/143: 原文 (前50字): '[ __ ] we don't I'm smoking mid lower lower oh alm...'
  翻译成功。译文 (前50字): '[ __ ] 我们不是在打架吗？我当时正在抽烟呢……哦，差一点就打到他了，兄弟！'
正在翻译段落 66/143: 原文 (前50字): 'her ass yes nice I've noticed they're mostly tryin...'
  翻译成功。译文 (前50字): '她的屁股……嗯，不错。我注意到他们主要就是在试图骗我们，而我们还在继续（做某事）。'
正在翻译段落 67/143: 原文 (前50字): 'struggling if you want this round I'll give you yo...'
  翻译成功。译文 (前50字): '如果你想赢这一局，那就努力吧。我会给你梦寐以求的刀……哦，在我们身后。'
正在翻译段落 68/143: 原文 (前50字): 'in our spawn the one under oh my'
  翻译成功。译文 (前50字): '在我们出生点那个，哦我的（天啊）'
正在翻译段落 69/143: 原文 (前50字): 'God no I wrote GG we gave you that one to make it ...'
  翻译成功。译文 (前50字): '天哪，不，我写了“GG”（表示认输）。我们先故意输给你一次，想让游戏更有趣点，哈哈。'
正在翻译段落 70/143: 原文 (前50字): 'really really easy Fury brought the AC look sweaty...'
  翻译成功。译文 (前50字): '真的真的很简单！Fury带来了那种“AC系列”的风格，那个汗流浃背、气味难闻的土耳其小伙子……我们准...'
正在翻译段落 71/143: 原文 (前50字): 'for the second map I I have an idea guys we should...'
  翻译成功。译文 (前50字): '关于第二张地图，我有个想法：我们不应该让我（玩家）被交给对方（即被对手抓住或控制）。'
正在翻译段落 72/143: 原文 (前50字): 'fun have fun wait wait wait wait don't go shut up ...'
  翻译成功。译文 (前50字): '1. **核心目标**：将英文CS游戏字幕准确、自然地翻译成中文。
2. **简洁口语化**：译文应...'
正在翻译段落 73/143: 原文 (前50字): 'side let's go a with flashes don't go B because on...'
  翻译成功。译文 (前50字): '我们这边来试试闪现技能吧，别用B技能，因为被击中了接下来该怎么办呢？'
正在翻译段落 74/143: 原文 (前50字): 'to it kitchen okay we're going a jungle one stairs'
  翻译成功。译文 (前50字): '好的， Kitchen，我们准备进入丛林区域。要先上一段楼梯。'
正在翻译段落 75/143: 原文 (前50字): 'oh what don't even peek I'm dead I'm dead guys loo...'
  翻译成功。译文 (前50字): '哦，别看了，我死啦！ guys，看看我的生命值，它已经归零了！'
正在翻译段落 76/143: 原文 (前50字): 'over oh you guys are [ __ ] [ __ ] they can't find...'
  翻译成功。译文 (前50字): '哦，你们这些人真是太[ __ ] [ __ ]了！他们找不到炸弹，不过他们还有时间的。'
正在翻译段落 77/143: 原文 (前50字): 'yes yellow oh my God okay where do we go where do ...'
  翻译成功。译文 (前50字): '是的，黄色球！哦，我的天哪！好吧，我们该去哪里呢？我们该去哪里？'
正在翻译段落 78/143: 原文 (前50字): 'we can go good job guys we're winning look we're l...'
  翻译成功。译文 (前50字): '1. **核心目标**：将英文CS游戏字幕准确、自然地翻译成中文。
2. **简洁口语化**：译文应...'
正在翻译段落 79/143: 原文 (前50字): 'not calling I don't get it there's only Pro here n...'
  翻译成功。译文 (前50字): '我就不说了，我真的不明白……这里到处都是职业选手（Pro）啊……不，我们队要散架了！'
正在翻译段落 80/143: 原文 (前50字): 'whoever's next to me [ __ ] off please BR'
  翻译成功。译文 (前50字): '跟我旁边的人[ __ ]请退出游戏，赶紧！'
正在翻译段落 81/143: 原文 (前50字): 'I'm the only one coming out like I'm I'm getting b...'
  翻译成功。译文 (前50字): '只有我表现得好像被激怒了一样……其实是你们在故意惹我。'
正在翻译段落 82/143: 原文 (前50字): 'out oh my God oh my God oh my God oh my God oh ple...'
  翻译成功。译文 (前50字): '天啊，哦我的上帝，哦请不要，不要这样啊'
正在翻译段落 83/143: 原文 (前50字): 'cry what happened to our lead to M that's why I sh...'
  翻译成功。译文 (前50字): '“哭着告诉M我们的领先优势怎么了，这就是我大喊‘Sam Sam’的原因，你觉得呢？”'
正在翻译段落 84/143: 原文 (前50字): 'you come with me played one round on te don't say'
  翻译成功。译文 (前50字): '“你跟我来，玩一轮《反恐精英》吧，别拒绝。”'
正在翻译段落 85/143: 原文 (前50字): 'anything to each other just quiet round shut your ...'
  翻译成功。译文 (前50字): '互相别说了，安静点，闭上你们那些[ __ ]的臭嘴吧。'
正在翻译段落 86/143: 原文 (前50字): 'make that way kitchen that way one please extra on...'
  翻译成功。译文 (前50字): '请把厨房那边那个东西搬过来，还要加一个洋葱和蒜，[ __ ] 真美味！'
正在翻译段落 87/143: 原文 (前50字): 'I got you comes last and lorist see when we work t...'
  翻译成功。译文 (前50字): '“Got you”这句话放在最后，等我们真正合作的时候再看看吧。'
正在翻译段落 88/143: 原文 (前50字): 'team what we achieve Fury you are coming a with me...'
  翻译成功。译文 (前50字): '**核心目标**：将英文CS游戏字幕准确、自然地翻译成中文。  
**简洁口语化**：译文应符合中文...'
正在翻译段落 89/143: 原文 (前50字): 'people on aite they cannot take it two two out 100...'
  翻译成功。译文 (前50字): '那些说“不行，他们根本接受不了”的人，说实话，他们连100%都达不到（即他们完全无法接受这种情况）。'
正在翻译段落 90/143: 原文 (前50字): 'dou thank you triple triple and they should go pro...'
  翻译成功。译文 (前50字): '非常感谢，真的非常感谢！他们应该能成为职业选手或者类似的（某种认可）。'
正在翻译段落 91/143: 原文 (前50字): 'should go pro or something oh my God but but I'm t...'
  翻译成功。译文 (前50字): '“应该去当职业选手之类的吧，天啊……不过我可是那个所谓的‘高手’啊，我能摸摸你吗？”'
正在翻译段落 92/143: 原文 (前50字): 'it no one's out this is the last chance to make it...'
  翻译成功。译文 (前50字): '没有人可以退出了，这是进入第三张地图的唯一机会，window nice（可能是某个特定游戏术语或昵称...'
正在翻译段落 93/143: 原文 (前50字): 'nice ni just take time they haven't planted chill ...'
  翻译成功。译文 (前50字): '“挺好的啊，只是需要点时间。他们还没布雷呢，放松点！注意了，门在那边。”'
正在翻译段落 94/143: 原文 (前50字): 'no way this has been your job for 10 years bro I h...'
  翻译成功。译文 (前50字): '绝对不可能这已经是你工作10年的领域了，兄弟……我太讨厌这种情况了，你该考虑换个工作。'
正在翻译段落 95/143: 原文 (前50字): 'Tetris they push M I think oh team team K good goo...'
  翻译成功。译文 (前50字): '《俄罗斯方块》，他们推了M（功能/角色），我觉得，哦，K队，太棒了太棒了！'
正在翻译段落 96/143: 原文 (前50字): 'good oh yes P dead P dead I think I hit step B dea...'
  翻译成功。译文 (前50字): '1. **核心目标**：将英文CS游戏字幕准确、自然地翻译成中文。
2. **简洁口语化**：译文应...'
正在翻译段落 97/143: 原文 (前50字): 'yes we cannot lose now I'm putting on the Cs go ha...'
  翻译成功。译文 (前50字): '是的，我们现在不能输了。我要戴上那顶“Cs Go”风格的帽子，去打败那些对手吧，超级厉害的！'
正在翻译段落 98/143: 原文 (前50字): 'try hard T is dead good job back back back back De...'
  翻译成功。译文 (前50字): '**翻译：**  
努力点，T！干得太棒了！  

**注释：**  
1. “T”可能是游戏中某个...'
正在翻译段落 99/143: 原文 (前50字): 'one more one more on top of trash can what the [ _...'
  翻译成功。译文 (前50字): '另一个，再放一个在垃圾桶上面，搞什么鬼[ __ ]，两个都在那里'
正在翻译段落 100/143: 原文 (前50字): 'there last should be low nice terrorist win that's...'
  翻译成功。译文 (前50字): '最后一个应该是那个厉害的恐怖分子获胜，所以他才是“史上最佳选手”（即“GOT”）。'
正在翻译段落 101/143: 原文 (前50字): 'oh my God no that's his wife what the I think they...'
  翻译成功。译文 (前50字): '哦，我的天啊，不，那是他的妻子。我以为他们都是厨房工作人员呢……'
正在翻译段落 102/143: 原文 (前50字): 'nice I'll mark it hi hi hi did we winap we actuall...'
  翻译成功。译文 (前50字): '好啊，我会记下来的。嘿嘿嘿，我们赢了吗？其实我们赢了，我正在说呢。'
正在翻译段落 103/143: 原文 (前50字): 'you guys so now it's a vertigo right hello hello h...'
  翻译成功。译文 (前50字): '你们看，现在画面都变得头晕眼花了，对吧？嘿嘿嘿，哦，他们所有人都被静音了。'
正在翻译段落 104/143: 原文 (前50字): 'hello that was kind of easy we woke up now how do ...'
  翻译成功。译文 (前50字): '你好，那还挺简单的。我们现在醒来了，你觉得怎么样？显然，她……'
正在翻译段落 105/143: 原文 (前50字): 'woke up here yeah right we are cheating are you gu...'
  翻译成功。译文 (前50字): '“我在这里醒来的，是啊……我们肯定是在作弊吧。你们对那种‘眩晕效果’（游戏中的特殊机制）很熟悉吧，我...'
正在翻译段落 106/143: 原文 (前50字): 'really good it's our favorite map actually you kno...'
  翻译成功。译文 (前50字): '真的很好，这其实是我们最喜欢的地图。好吧，祝你好运！'
正在翻译段落 107/143: 原文 (前50字): 'try to have fun easy money rby easy money nice ful...'
  翻译成功。译文 (前50字): '**翻译：**  
“想轻松赚钱？去他的吧！这游戏简直烂透了。”  

**解释：**  
- “t...'
正在翻译段落 108/143: 原文 (前50字): 'bom who shot me RA you [ __ ] [ __ ] nice let's go...'
  翻译成功。译文 (前50字): '1. **核心目标**：将英文CS游戏字幕准确、自然地翻译成中文。
2. **简洁口语化**：译文应...'
正在翻译段落 109/143: 原文 (前50字): 'team this is my team bro run up who died'
  翻译成功。译文 (前50字): '**核心目标**：将英文CS游戏字幕准确、自然地翻译成中文。  
**简洁口语化**：译文应符合中文...'
正在翻译段落 110/143: 原文 (前50字): 'left nice with the flash assist from me thank God ...'
  翻译成功。译文 (前50字): '多亏了我的闪光辅助，情况还好。谢天谢地，没人看到了。'
正在翻译段落 111/143: 原文 (前50字): 'that normally buying skins is going zero and four ...'
  翻译成功。译文 (前50字): '通常情况下，购买皮肤这种行为根本就不值一提，哦我的天啊。'
正在翻译段落 112/143: 原文 (前50字): 'stop stop guys please I have performance anxiety c...'
  翻译成功。译文 (前50字): '停下来，大家请停下！我有表演焦虑症，非常慌乱。'
正在翻译段落 113/143: 原文 (前50字): 'counterterrorist bro time out time out time out ti...'
  翻译成功。译文 (前50字): '反恐小分队，暂停！暂停！我们需要时间！'
正在翻译段落 114/143: 原文 (前50字): 'look that come on man oh pushing pushing yellow GG...'
  翻译成功。译文 (前50字): '看那个啊，拜托了，兄弟……推啊推啊，黄色的（东西）……GG（表示胜利或认可）。'
正在翻译段落 115/143: 原文 (前50字): 'why is demo always so de what are you doing our te...'
  翻译成功。译文 (前50字): '为什么demo总是这么慢？你们在干什么？我们的团队正在分崩离析啊！动作快点！'
正在翻译段落 116/143: 原文 (前50字): 'James Bond out of here little what the [ __ ] is t...'
  翻译成功。译文 (前50字): '詹姆斯·邦德，赶紧离开这里！那比分到底是什么啊，兄弟？快反应一下！'
正在翻译段落 117/143: 原文 (前50字): 'kill bro they're going to throw nades they're goin...'
  翻译成功。译文 (前50字): '杀了他，兄弟！他们要扔手雷了，他们真的要扔了！'
正在翻译段落 118/143: 原文 (前50字): 'everything okay tell me how I'm supposed to have a...'
  翻译成功。译文 (前50字): '一切都没问题，告诉我该怎么办才能参与其中（或实现那个目标）。'
正在翻译段落 119/143: 原文 (前50字): 'oh uh last woman on a good job congratulations on ...'
  翻译成功。译文 (前50字): '哦，哈哈，最后一个完成任务的姑娘，恭喜你首次击杀敌人，伙计！'
正在翻译段落 120/143: 原文 (前50字): 'thank you yeah flushing over what the [ __ ] is ha...'
  翻译成功。译文 (前50字): '谢谢，是啊，我们正在努力应对[ __ ]所引发的各种问题。'
正在翻译段落 121/143: 原文 (前50字): 'sure oh I see why you quit see you f [ __ ] round ...'
  翻译成功。译文 (前50字): '**核心目标**：将英文CS游戏字幕准确、自然地翻译成中文。
**简洁口语化**：译文应符合中文观众...'
正在翻译段落 122/143: 原文 (前50字): 'literally terrible your [ __ ] hairline is terribl...'
  翻译成功。译文 (前50字): '你的[___]发际线简直糟透了，兄弟！看看你那光秃秃的脑袋吧！'
正在翻译段落 123/143: 原文 (前50字): 'head what the [ __ ] do you mean my heart'
  翻译成功。译文 (前50字): '“head what the [ __ ] do you mean my heart” 这句话的意思...'
正在翻译段落 124/143: 原文 (前50字): 'myir get off my dick get off my dick no one can se...'
  翻译成功。译文 (前50字): '**我的天啊，别烦我了！** **谁也看不见你的阴茎啊，光线这么亮……**'
正在翻译段落 125/143: 原文 (前50字): 'hair you have on your body boat relax see your dic...'
  翻译成功。译文 (前50字): '你身上的那些汗毛，放松点，看看你的……（此句包含不适当、低俗的内容，无法提供合适的中文翻译。）'
正在翻译段落 126/143: 原文 (前50字): 'like the one's there one's there okay GG we lost a...'
  翻译成功。译文 (前50字): '1. **核心目标**：将英文CS游戏字幕准确、自然地翻译成中文。
2. **简洁口语化**：译文应...'
正在翻译段落 127/143: 原文 (前50字): 'and 15 one B oh okay me and F are popping'
  翻译成功。译文 (前50字): '**核心目标**：将英文CS游戏字幕准确、自然地翻译成中文。  
**简洁口语化**：译文应贴合中文...'
正在翻译段落 128/143: 原文 (前50字): 'off like none of you guys are doing [ __ ] I have'
  翻译成功。译文 (前50字): '“赶紧的，你们所有人动作都慢死了！[ __ ] 我有（需要的东西）！”'
正在翻译段落 129/143: 原文 (前50字): 'fun they're pushing STS they ramboo they ramb boos...'
  翻译成功。译文 (前50字): '哈哈，他们居然用STS技能，然后用Ramboo技能进行突进、提升攻击力，最后他们把我杀了……我简直不...'
正在翻译段落 130/143: 原文 (前50字): 'even kidding one is be I am I'
  翻译成功。译文 (前50字): '（表示强调或表示所说的并非玩笑）我说真的，真的啦！'
正在翻译段落 131/143: 原文 (前50字): 'one what is that angle you just doubled your kills...'
  翻译成功。译文 (前50字): '1. **核心目标**：将英文CS游戏字幕准确、自然地翻译成中文。
2. **简洁口语化**：译文应...'
正在翻译段落 132/143: 原文 (前50字): 'you [ __ ] fat [ __ ] bro why again with the team ...'
_ ] 上帝总是眷顾使用手榴弹的恐怖分子，他们赢了，我们去吧！哦，我们输了。'
正在翻译段落 135/143: 原文 (前50字): 'we lost that was the end of the game bro you got t...'
  翻译成功。译文 (前50字): '我们输了，游戏就这样结束了，兄弟。你获得了两次击杀，这一点我可以证明。'
正在翻译段落 136/143: 原文 (前50字): 'with one hand can you count up to that though hell...'
  翻译成功。译文 (前50字): '用一只手你能数到那个数吗？你好，Tim，那么我们什么时候开始呢？'
正在翻译段落 137/143: 原文 (前50字): 'start playing that was the warm-up can you dis the...'
  翻译成功。译文 (前50字): '开始玩吧，这只是热身而已。你现在能把K开掉吗？'
正在翻译段落 138/143: 原文 (前50字): 'zero input zero input it was a 45 challenge we wou...'
  翻译成功。译文 (前50字): '**核心目标**：将英文CS游戏字幕准确、自然地翻译成中文。  
**简洁口语化**：译文应符合中文...'
正在翻译段落 139/143: 原文 (前50字): 'enemy team that our team is uh disbanding God you ...'
  翻译成功。译文 (前50字): '敌方队伍……我们队要解散了。天啊，你们未来一定很光明！'
正在翻译段落 140/143: 原文 (前50字): 'future so what did you guys think of the game chal...'
  翻译成功。译文 (前50字): '**核心目标**：将英文CS游戏字幕准确、自然地翻译成中文。
**简洁口语化**：译文应符合中文观众...'
正在翻译段落 141/143: 原文 (前50字): 'easy what the [ __ ] you guys want to do other vid...'
  翻译成功。译文 (前50字): '“easy what the [ __ ] you guys want to do other vi...'
正在翻译段落 142/143: 原文 (前50字): 'joining I'm sad we didn't win but that was my pred...'
  翻译成功。译文 (前50字): '我也很遗憾我们没有赢，但这也是我的预料之中的结果。比赛打得不错，真的很好。'
正在翻译段落 143/143: 原文 (前50字): 'game thank you guys for game'
  翻译成功。译文 (前50字): '谢谢大家，这局游戏太棒了！'

全部 143 段文本翻译完成。
翻译完成。

第三步: 生成双语字幕文件...
成功将双语字幕保存到: ./uploads/output.srt
合并参数: 最大字符数=80, 最大持续时间=10秒
翻译模型: tencent/Hunyuan-MT-7B
SiliconFlow 批次大小: 1 (实际为逐段请求，每次独立调用API)
双语输出格式: two_lines
